<?xml version="1.0" encoding="UTF-8"?>
<!-- Generated by org.testng.reporters.JUnitReportReporter -->
<testsuite hostname="Annas-MacBook-Pro.local" failures="0" tests="4" name="UtilsTest" time="0.272" errors="0" timestamp="2022-04-25T14:37:06 PDT" skipped="0">
  <testcase classname="UtilsTest" name="testScreenShot" time="0.269"/>
  <system-out/>
  <testcase classname="UtilsTest" name="testStrToArray1" time="0.003"/>
  <system-out/>
  <testcase classname="UtilsTest" name="testStrToArray2" time="0.000"/>
  <system-out/>
  <testcase classname="UtilsTest" name="testStrToArray3" time="0.000"/>
  <system-out/>
</testsuite> <!-- UtilsTest -->
