<?xml version="1.0" encoding="UTF-8"?>
<!-- Generated by org.testng.reporters.JUnitReportReporter -->
<testsuite hostname="Annas-MacBook-Pro.local" failures="0" tests="4" name="TestClass" time="0.000" errors="0" timestamp="2022-04-25T14:37:06 PDT" skipped="0">
  <testcase classname="TestClass" name="testBetterThanAverage1" time="0.000"/>
  <system-out/>
  <testcase classname="TestClass" name="testBetterThanAverage2" time="0.000"/>
  <system-out/>
  <testcase classname="TestClass" name="testBetterThanAverage4" time="0.000"/>
  <system-out/>
  <testcase classname="TestClass" name="testBetterThanAverage3" time="0.000"/>
  <system-out/>
</testsuite> <!-- TestClass -->
